Console:
[info] %cDownload the React DevTools for a better development experience: https://react.dev/link/react-devtools font-weight:bold
[log] [HMR] connected
[log] [Fast Refresh] rebuilding
[log] [Fast Refresh] done in 210ms
[info] %cDownload the React DevTools for a better development experience: https://react.dev/link/react-devtools font-weight:bold
[log] [HMR] connected
[log] [Fast Refresh] rebuilding
[log] [Fast Refresh] done in 211ms
[info] %cDownload the React DevTools for a better development experience: https://react.dev/link/react-devtools font-weight:bold
[log] [HMR] connected
[log] [Fast Refresh] rebuilding
[log] [Fast Refresh] done in 325ms
[info] %cDownload the React DevTools for a better development experience: https://react.dev/link/react-devtools font-weight:bold
[log] [HMR] connected
[warning] THREE.THREE.Clock: This module has been deprecated. Please use THREE.Timer instead.
[warning] [.WebGL-0x1cb4055c8e00]GL Driver Message (OpenGL, Performance, GL_CLOSE_PATH_NV, High): GPU stall due to ReadPixels
[warning] [.WebGL-0x1cb4055c8e00]GL Driver Message (OpenGL, Performance, GL_CLOSE_PATH_NV, High): GPU stall due to ReadPixels
[warning] [.WebGL-0x1cb4055c8e00]GL Driver Message (OpenGL, Performance, GL_CLOSE_PATH_NV, High): GPU stall due to ReadPixels
[warning] [.WebGL-0x1cb4055c8e00]GL Driver Message (OpenGL, Performance, GL_CLOSE_PATH_NV, High): GPU stall due to ReadPixels (this message will no longer repeat)

Transcribe responses: